<?xml version="1.0" encoding="UTF-8"?>
<!-- Generated by org.testng.reporters.JUnitXMLReporter -->
<testsuite hostname="GGKU5DELL1111" ignored="0" name="RegressionSuite" tests="2" failures="0" timestamp="25 Mar 2019 13:17:50 GMT" time="85.702" errors="0">
  <testcase name="@AfterTest quitBrowser" time="0.001" classname="DateSourcesTests.DataSourceCreationTestCases">
    <failure type="java.lang.NullPointerException">
      <![CDATA[java.lang.NullPointerException
at DateSourcesTests.DataSourceCreationTestCases.quitBrowser(DataSourceCreationTestCases.java:69)
... Removed 24 stack frames]]>
    </failure>
  </testcase> <!-- @AfterTest quitBrowser -->
  <testcase name="createSqlServerDatasource" time="37.391" classname="DateSourcesTests.DataSourceCreationTestCases"/>
  <testcase name="createSqlServerDatasource1" time="36.888" classname="DateSourcesTests.DataSourceCreationTestCases"/>
</testsuite> <!-- RegressionSuite -->
