<?xml version="1.0" encoding="UTF-8"?>
<testng-results skipped="0" failed="0" ignored="0" total="2" passed="2">
  <reporter-output>
  </reporter-output>
  <suite name="ExploraBIRegressionSuite" duration-ms="85702" started-at="2019-03-25T13:16:25Z" finished-at="2019-03-25T13:17:50Z">
    <groups>
    </groups>
    <test name="RegressionSuite" duration-ms="85702" started-at="2019-03-25T13:16:25Z" finished-at="2019-03-25T13:17:50Z">
      <class name="DateSourcesTests.DataSourceCreationTestCases">
        <test-method status="PASS" signature="openBrowserAndLogin(java.lang.String)[pri:0, instance:DateSourcesTests.DataSourceCreationTestCases@6093dd95]" name="openBrowserAndLogin" is-config="true" duration-ms="11383" started-at="2019-03-25T13:16:25Z" finished-at="2019-03-25T13:16:36Z">
          <params>
            <param index="0">
              <value>
                <![CDATA[chrome]]>
              </value>
            </param>
          </params>
          <reporter-output>
          </reporter-output>
        </test-method> <!-- openBrowserAndLogin -->
        <test-method status="PASS" signature="createSqlServerDatasource()[pri:0, instance:DateSourcesTests.DataSourceCreationTestCases@6093dd95]" name="createSqlServerDatasource" duration-ms="37391" started-at="2019-03-25T13:16:36Z" finished-at="2019-03-25T13:17:13Z">
          <reporter-output>
          </reporter-output>
        </test-method> <!-- createSqlServerDatasource -->
        <test-method status="PASS" signature="createSqlServerDatasource1()[pri:1, instance:DateSourcesTests.DataSourceCreationTestCases@6093dd95]" name="createSqlServerDatasource1" duration-ms="36888" started-at="2019-03-25T13:17:13Z" finished-at="2019-03-25T13:17:50Z">
          <reporter-output>
          </reporter-output>
        </test-method> <!-- createSqlServerDatasource1 -->
        <test-method status="FAIL" signature="quitBrowser()[pri:0, instance:DateSourcesTests.DataSourceCreationTestCases@6093dd95]" name="quitBrowser" is-config="true" duration-ms="1" started-at="2019-03-25T13:17:50Z" finished-at="2019-03-25T13:17:50Z">
          <exception class="java.lang.NullPointerException">
            <full-stacktrace>
              <![CDATA[java.lang.NullPointerException
at DateSourcesTests.DataSourceCreationTestCases.quitBrowser(DataSourceCreationTestCases.java:69)
at sun.reflect.NativeMethodAccessorImpl.invoke0(Native Method)
at sun.reflect.NativeMethodAccessorImpl.invoke(Unknown Source)
at sun.reflect.DelegatingMethodAccessorImpl.invoke(Unknown Source)
at java.lang.reflect.Method.invoke(Unknown Source)
at org.testng.internal.MethodInvocationHelper.invokeMethod(MethodInvocationHelper.java:124)
at org.testng.internal.MethodInvocationHelper.invokeMethodConsideringTimeout(MethodInvocationHelper.java:59)
at org.testng.internal.Invoker.invokeConfigurationMethod(Invoker.java:458)
at org.testng.internal.Invoker.invokeConfigurations(Invoker.java:222)
at org.testng.internal.Invoker.invokeConfigurations(Invoker.java:142)
at org.testng.TestRunner.afterRun(TestRunner.java:725)
at org.testng.TestRunner.run(TestRunner.java:509)
at org.testng.SuiteRunner.runTest(SuiteRunner.java:455)
at org.testng.SuiteRunner.runSequentially(SuiteRunner.java:450)
at org.testng.SuiteRunner.privateRun(SuiteRunner.java:415)
at org.testng.SuiteRunner.run(SuiteRunner.java:364)
at org.testng.SuiteRunnerWorker.runSuite(SuiteRunnerWorker.java:52)
at org.testng.SuiteRunnerWorker.run(SuiteRunnerWorker.java:84)
at org.testng.TestNG.runSuitesSequentially(TestNG.java:1208)
at org.testng.TestNG.runSuitesLocally(TestNG.java:1137)
at org.testng.TestNG.runSuites(TestNG.java:1049)
at org.testng.TestNG.run(TestNG.java:1017)
at org.testng.remote.AbstractRemoteTestNG.run(AbstractRemoteTestNG.java:114)
at org.testng.remote.RemoteTestNG.initAndRun(RemoteTestNG.java:251)
at org.testng.remote.RemoteTestNG.main(RemoteTestNG.java:77)
]]>
            </full-stacktrace>
          </exception> <!-- java.lang.NullPointerException -->
          <reporter-output>
          </reporter-output>
        </test-method> <!-- quitBrowser -->
      </class> <!-- DateSourcesTests.DataSourceCreationTestCases -->
    </test> <!-- RegressionSuite -->
  </suite> <!-- ExploraBIRegressionSuite -->
</testng-results>
